# JRE version: Java(TM) SE Runtime Environment (9.0+11) (build 9.0.4+11)
# Java VM: Java HotSpot(TM) 64-Bit Server VM (9.0.4+11, mixed mode, tiered, compressed oops, g1 gc, windows-amd64)
Heap:
 garbage-first heap   total 365568K, used 169198K [0x0000000700000000, 0x0000000700100b28, 0x00000007c0000000)
  region size 1024K, 51 young (52224K), 2 survivors (2048K)
 Metaspace       used 92214K, capacity 99137K, committed 99272K, reserved 1134592K
  class space    used 13508K, capacity 14711K, committed 14792K, reserved 1048576K
GC Heap History (10 events):
Event: 2991.309 GC heap before
{Heap before GC invocations=520 (full 4):
 garbage-first heap   total 365568K, used 178339K [0x0000000700000000, 0x0000000700100b28, 0x00000007c0000000)
  region size 1024K, 60 young (61440K), 3 survivors (3072K)
 Metaspace       used 92169K, capacity 99073K, committed 99272K, reserved 1134592K
  class space    used 13508K, capacity 14711K, committed 14792K, reserved 1048576K
}
Event: 2991.317 GC heap after
{Heap after GC invocations=521 (full 4):
 garbage-first heap   total 365568K, used 120080K [0x0000000700000000, 0x0000000700100b28, 0x00000007c0000000)
  region size 1024K, 3 young (3072K), 3 survivors (3072K)
 Metaspace       used 92169K, capacity 99073K, committed 99272K, reserved 1134592K
  class space    used 13508K, capacity 14711K, committed 14792K, reserved 1048576K
}
Event: 3012.756 GC heap before
{Heap before GC invocations=521 (full 4):
 garbage-first heap   total 365568K, used 178448K [0x0000000700000000, 0x0000000700100b28, 0x00000007c0000000)
  region size 1024K, 60 young (61440K), 3 survivors (3072K)
 Metaspace       used 92169K, capacity 99073K, committed 99272K, reserved 1134592K
  class space    used 13508K, capacity 14711K, committed 14792K, reserved 1048576K
}
Event: 3012.765 GC heap after
{Heap after GC invocations=522 (full 4):
 garbage-first heap   total 365568K, used 120065K [0x0000000700000000, 0x0000000700100b28, 0x00000007c0000000)
  region size 1024K, 2 young (2048K), 2 survivors (2048K)
 Metaspace       used 92169K, capacity 99073K, committed 99272K, reserved 1134592K
  class space    used 13508K, capacity 14711K, committed 14792K, reserved 1048576K
}
Event: 3016.400 GC heap before
{Heap before GC invocations=522 (full 4):
 garbage-first heap   total 365568K, used 179457K [0x0000000700000000, 0x0000000700100b28, 0x00000007c0000000)
  region size 1024K, 60 young (61440K), 2 survivors (2048K)
 Metaspace       used 92169K, capacity 99073K, committed 99272K, reserved 1134592K
  class space    used 13508K, capacity 14711K, committed 14792K, reserved 1048576K
}
Event: 3016.405 GC heap after
{Heap after GC invocations=523 (full 4):
 garbage-first heap   total 365568K, used 120073K [0x0000000700000000, 0x0000000700100b28, 0x00000007c0000000)
  region size 1024K, 2 young (2048K), 2 survivors (2048K)
 Metaspace       used 92169K, capacity 99073K, committed 99272K, reserved 1134592K
  class space    used 13508K, capacity 14711K, committed 14792K, reserved 1048576K
}
Event: 3020.950 GC heap before
{Heap before GC invocations=523 (full 4):
 garbage-first heap   total 365568K, used 179465K [0x0000000700000000, 0x0000000700100b28, 0x00000007c0000000)
  region size 1024K, 60 young (61440K), 2 survivors (2048K)
 Metaspace       used 92169K, capacity 99073K, committed 99272K, reserved 1134592K
  class space    used 13508K, capacity 14711K, committed 14792K, reserved 1048576K
}
Event: 3020.954 GC heap after
{Heap after GC invocations=524 (full 4):
 garbage-first heap   total 365568K, used 120053K [0x0000000700000000, 0x0000000700100b28, 0x00000007c0000000)
  region size 1024K, 2 young (2048K), 2 survivors (2048K)
 Metaspace       used 92169K, capacity 99073K, committed 99272K, reserved 1134592K
  class space    used 13508K, capacity 14711K, committed 14792K, reserved 1048576K
}
Event: 3026.104 GC heap before
{Heap before GC invocations=524 (full 4):
 garbage-first heap   total 365568K, used 179445K [0x0000000700000000, 0x0000000700100b28, 0x00000007c0000000)
  region size 1024K, 60 young (61440K), 2 survivors (2048K)
 Metaspace       used 92175K, capacity 99073K, committed 99272K, reserved 1134592K
  class space    used 13508K, capacity 14711K, committed 14792K, reserved 1048576K
}
Event: 3026.111 GC heap after
{Heap after GC invocations=525 (full 4):
 garbage-first heap   total 365568K, used 120046K [0x0000000700000000, 0x0000000700100b28, 0x00000007c0000000)
  region size 1024K, 2 young (2048K), 2 survivors (2048K)
 Metaspace       used 92175K, capacity 99073K, committed 99272K, reserved 1134592K
  class space    used 13508K, capacity 14711K, committed 14792K, reserved 1048576K
}

